O60502	PF07555	PF07555:11.1	48.1	122.33	360	62..915	511			
A0A1J7BAS8	PF07555	PF07555:0.2	16.2	5.63	311	199..574	70	PF07555:Unknown	PF07555:Unknown	
A0A1K1S146	PF07555	PF07555:1.1	23.6	15.29	306	159..642	130			
A0A1L8E3M6	PF07555	PF07555:2.1	17.4	8.15	187	6..519	94			
A0A1L9PKW5	PF07555	PF07555:9.1	73.8	181.68	311	25..634	495			
A0A1M4TDS2	PF07555	PF07555:8.1	57.2	83.95	329	115..623	295			
A0A1M4ZGL2	PF07555	PF07555:0.2	13.5	3.1	84	28..248	46	PF07555:Unknown	PF07555:Unknown	
A0A1M5BS16	PF07555	PF07555:8.1	65.7	86.94	283	133..576	266			
A0A1M5IE57	PF07555	PF07555:8.1	69.2	102.96	295	94..584	299			
A0A1M5N6H0	PF07555	PF07555:1.1	16.3	6.8	263	173..655	84			
A0A1M6AGH8	PF07555	PF07555:0.2	5.8	1.71	86	24..284	59	PF07555:Unknown	PF07555:Unknown	
A0A1M6LVT0	PF07555	PF07555:9.1	48.6	75.17	295	17..758	311			
A0A1M6MVG0	PF07555	PF07555:1.1	12.3	2.45	177	128..348	40			
A0A1M6WV35	PF07555	PF07555:3.1	30.5	63.56	399	59..1128	419			
A0A1N7DDG9	PF07555	PF07555:1.1	30.4	24.94	279	149..641	165			
A0A1Q4V0Q1	PF07555	PF07555:3.1	54.4	134.0	438	65..1000	495			
A0A1Q5PCZ4	PF07555	PF07555:8.1	53.3	74.52	272	105..583	281			
A0A1Q5PVS2	PF07555	PF07555:0.2	5.6	2.54	267	140..468	92	PF07555:Unknown	PF07555:Unknown	
A0A1S9PL38	PF07555	PF07555:1.1	23.7	14.24	295	169..628	121			
A0A1T2X5L0	PF07555	PF07555:10.1	50.4	136.3	345	16..861	544			
A0A1T2XF89	PF07555	PF07555:5.1	40.2	49.46	324	110..594	247			
A0A1U7NZA1	PF07555	PF07555:2.1	9.9	3.43	108	8..241	70			
A0A1U9K8J6	PF07555	PF07555:5.1	54.0	77.33	335	53..583	288			
A0A1V2DS36	PF07555	PF07555:6.1	33.6	22.43	183	5..267	134			
A0A1V4ERD9	PF07555	PF07555:0.2	14.5	7.3	308	146..425	101	PF07555:Unknown	PF07555:Unknown	
A0A1V4K9R7	PF07555	PF07555:2.1	32.1	27.79	163	7..754	174			
A0A1V4QEP9	PF07555	PF07555:0.1	4.6	0.5	28	7..47	22			
A0A1V6S2M7	PF07555	PF07555:9.1	51.7	108.01	309	10..612	420			
A0A1W1WMM2	PF07555	PF07555:1.1	7.4	1.07	251	67..288	29			
A0A1X9NI82	PF07555	PF07555:6.1	18.1	8.21	207	7..354	91			
A0A1X9PQX5	PF07555	PF07555:10.1	51.2	87.69	183	1..345	344			
A0A1Y0INK4	PF07555	PF07555:1.1	21.4	3.72	117	71..309	35			
A0A1Y0ITS6	PF07555	PF07555:1.1	24.6	4.41	130	59..297	36			
A0A1Y1MKR3	PF07555	PF07555:11.1	31.6	25.51	141	57..247	162			
A0A1Y1MSU9	PF07555	PF07555:9.1	47.8	60.11	138	1..286	253			
A0A1Y1T8B7	PF07555	PF07555:1.1	23.8	13.87	276	161..621	117			
A0A1Y4QGV0	PF07555	PF07555:12.1	49.1	86.43	386	67..1168	354			
A0A1Y4QMG2	PF07555	PF07555:0.2	11.3	6.56	237	126..455	117	PF07555:Unknown	PF07555:Unknown	
A0A1Y4QMQ6	PF07555	PF07555:10.1	18.6	25.88	285	48..1287	280			
A0A1Y5Y5C6	PF07555	PF07555:1.1	28.8	24.34	283	137..555	170			
A0A1Z5L224	PF07555	PF07555:2.1	20.3	12.3	122	5..360	122			
A0A220MD61	PF07555	PF07555:0.2	14.2	2.25	97	10..231	32	PF07555:Unknown	PF07555:Unknown	
A0A220U231	PF07555	PF07555:5.1	38.1	63.5	376	57..694	335			
A0A220U8A8	PF07555	PF07555:5.1	80.2	189.23	358	37..705	474			
A0A221MI39	PF07555	PF07555:5.1	84.7	198.39	354	33..703	471			
A0A6J6BL26	PF07555	PF07555:7.1	31.1	37.17	117	1..400	240			
A0A6J6ESP5	PF07555	PF07555:7.1	14.2	14.29	157	5..407	202			
A0A6J6FL17	PF07555	PF07555:4.1	61.1	89.71	145	3..352	295			
A0A6J6G1Y5	PF07555	PF07555:7.1	42.4	58.29	157	5..402	276			
A0A6J6HCM9	PF07555	PF07555:4.1	38.8	47.92	180	1..416	248			
A0A6J6HI73	PF07555	PF07555:7.1	29.4	34.56	127	5..401	236			
A0A6J6JXQ8	PF07555	PF07555:7.1	30.6	36.11	160	5..402	237			
A0A6J6LVV6	PF07555	PF07555:7.1	65.6	119.86	215	6..407	367			
A0A6J6M479	PF07555	PF07555:4.1	12.2	9.34	223	65..464	154			
A0A6J6NKF3	PF07555	PF07555:7.1	37.9	39.03	94	2..211	207			
A0A6J6TSK3	PF07555	PF07555:4.1	76.9	150.74	290	43..540	394			
A0A6J6VY16	PF07555	PF07555:4.1	75.8	142.48	284	43..540	378			
A0A6J6W5P4	PF07555	PF07555:4.1	14.4	11.62	229	69..480	162			
A0A6J7CA43	PF07555	PF07555:4.1	74.1	141.12	297	62..538	383			
A0A6J7DA88	PF07555	PF07555:4.1	80.6	150.83	303	89..541	376			
A0A6J7DPB3	PF07555	PF07555:7.1	34.0	42.47	124	6..404	251			
A0A6J7HMQ9	PF07555	PF07555:0.2	12.5	2.11	106	9..266	34	PF07555:Unknown	PF07555:Unknown	
A0A6J7HZ85	PF07555	PF07555:4.1	79.5	157.8	286	44..541	399			
A0A6J7SU49	PF07555	PF07555:4.1	65.5	117.62	277	62..538	361			
A0A6J7T6J0	PF07555	PF07555:7.1	54.3	83.45	166	5..402	309			
A0A6J7T8W7	PF07555	PF07555:1.1	12.5	1.93	103	7..228	31			
A0A6J7VV78	PF07555	PF07555:4.1	76.2	142.59	297	40..537	376			
A0A6J7WA90	PF07555	PF07555:4.1	73.4	137.3	298	44..541	376			
A0A6L9S2P4	PF07555	PF07555:1.1	22.4	7.34	175	128..391	66			
A0A6M4AYA7	PF07555	PF07555:6.1	29.8	19.43	189	4..336	131			
A0A6M4X331	PF07555	PF07555:0.2	11.5	3.61	291	123..380	63	PF07555:Unknown	PF07555:Unknown	
A0A6M5UDC8	PF07555	PF07555:9.1	34.7	57.12	327	132..790	331			
A0A6N7KWL5	PF07555	PF07555:3.1	16.4	25.78	565	143..776&1046..1290	316			
A0A6N9YLU5	PF07555	PF07555:1.1	18.3	6.02	206	158..415	66			
A0A6P1BXN4	PF07555	PF07555:9.1	10.3	4.57	72	4..117	89			
A0A7C4XK65	PF07555	PF07555:0.2	4.6	1.12	172	7..214	49	PF07555:Unknown	PF07555:Unknown	
A0A7C4XVE1	PF07555	PF07555:0.2	4.0	0.64	70	6..215	32			
A0A7C6EGD2	PF07555	PF07555:0.1	4.0	0.68	89	7..216	34			
A0A7G1GC33	PF07555	PF07555:0.2	9.6	1.33	215	7..224	28	PF07555:Unknown	PF07555:Unknown	
A0A7G1HRL9	PF07555	PF07555:8.1	31.6	28.31	257	144..489	180			
A0A7G3UH92	PF07555	PF07555:3.1	60.3	156.01	440	65..1042	520			
A0A7H0Y9W9	PF07555	PF07555:0.2	16.0	3.42	199	152..404	43	PF07555:Unknown	PF07555:Unknown	
A0A7H1BBX0	PF07555	PF07555:3.1	68.7	190.17	414	9..990	556			
A0A7H1BIM4	PF07555	PF07555:1.1	37.2	31.42	274	147..640	170			
A0A7J5J912	PF07555	PF07555:8.1	34.9	28.62	105	1..305	165			
A0A7J5XIJ8	PF07555	PF07555:2.1	26.4	17.34	209	65..319&544..808	132			
A0A7J8DQE5	PF07555	PF07555:0.2	11.7	2.33	80	60..115	40	PF07555:Unknown	PF07555:Unknown	
A0A7K3M9G2	PF07555	PF07555:1.1	33.0	21.01	280	167..649	128			
A0A7K3MBV4	PF07555	PF07555:1.1	21.7	8.53	61	14..277	79			
A0A7L0ELP2	PF07555	PF07555:2.1	20.7	10.2	96	8..187	99			
A0A7L2IL95	PF07555	PF07555:0.2	15.7	20.58	361	96..556	264	PF07555:Unknown	PF07555:Unknown	
A0A7L2ST75	PF07555	PF07555:2.1	16.0	5.83	49	1..126	73			
A0A7M2SEV4	PF07555	PF07555:0.2	16.3	5.6	328	195..451	69	PF07555:Unknown	PF07555:Unknown	
A0A8B9INR5	PF07555	PF07555:2.1	28.2	22.45	252	129..340&672..1013	160			
A0A8B9KB28	PF07555	PF07555:11.1	75.7	223.25	313	1..757	593			
A0A8B9T0J9	PF07555	PF07555:2.1	29.1	20.11	161	49..260&565..650	139			
A0A8C0HRW4	PF07555	PF07555:2.1	25.1	17.95	234	60..611	144			
A0A8C2WW08	PF07555	PF07555:11.1	77.3	227.19	302	1..742	591			
A0A8C3LTG0	PF07555	PF07555:2.1	27.0	16.42	295	2..420	122			
A0A8C3RAS4	PF07555	PF07555:2.1	28.5	19.56	126	2..213&658..743	138			
A0AB34FK41	PF07555	PF07555:9.1	67.5	155.93	317	34..636	464			
A0AB39PDL3	PF07555	PF07555:3.1	68.2	208.32	483	37..1037	614			
A0AB94IPP1	PF07555	PF07555:5.1	70.7	143.47	377	53..848	408			
A0ABD0KCS8	PF07555	PF07555:2.1	37.7	30.23	201	15..797	161			
A0ABD0Q2M4	PF07555	PF07555:2.1	18.6	5.37	42	17..107	58			
A0ABD0Q2R6	PF07555	PF07555:11.1	16.8	6.6	37	1..90	79			
A0ABD0QSX1	PF07555	PF07555:2.1	15.2	3.78	40	19..80	50			
A0ABD4REK1	PF07555	PF07555:10.1	58.6	136.11	246	35..706&913..1116	467			
A0ABD4TA09	PF07555	PF07555:6.1	20.3	8.99	208	24..369	89			
A0ABM0K5D8	PF07555	PF07555:2.1	36.8	37.89	194	15..316&623..977	207			
A0ABM0N102	PF07555	PF07555:2.1	49.8	58.0	188	9..310&516..867	234			
A0ABM1B9Y1	PF07555	PF07555:2.1	34.9	23.26	124	34..139&344..703	134			
A0ABM1BCG0	PF07555	PF07555:2.1	52.2	63.43	187	7..274&488..832	244			
A0ABM1BEX7	PF07555	PF07555:0.2	35.5	23.66	87	18..208	134	PF07555:Unknown	PF07555:Unknown	
A0ABM1DQE5	PF07555	PF07555:2.1	59.9	67.37	192	20..317&563..689	226			
A0ABM1M6V0	PF07555	PF07555:2.1	78.6	114.56	209	20..953	293			
A0ABM1ZIL8	PF07555	PF07555:2.1	67.6	82.02	230	39..333&706..895	244			
A0ABM3GKB8	PF07555	PF07555:2.1	76.0	107.39	207	18..885	284			
A0ABM3MN54	PF07555	PF07555:2.1	68.2	78.35	170	16..444	231			
A0ABM4BGY0	PF07555	PF07555:2.1	38.8	31.47	160	9..500	163			
A0ABM4BW14	PF07555	PF07555:2.1	21.3	12.74	204	3..491	120			
A0ABM4EL02	PF07555	PF07555:2.1	24.6	19.72	221	13..298&607..967	161			
A0ABM6AYB0	PF07555	PF07555:3.1	62.2	172.79	379	22..998	558			
A0ABM6GX28	PF07555	PF07555:3.1	69.5	196.77	415	9..1007	569			
A0ABM6RT20	PF07555	PF07555:1.1	7.2	0.94	246	58..279	26			
A0ABP6TVH7	PF07555	PF07555:3.1	72.2	206.99	380	9..955	576			
A0ABP7CTP5	PF07555	PF07555:6.1	32.5	22.15	182	2..266	137			
A0ABP7F782	PF07555	PF07555:1.1	12.9	2.0	98	9..227	31			
A0ABP7PFT5	PF07555	PF07555:6.1	37.2	30.37	184	5..345	164			
A0ABP7WDC2	PF07555	PF07555:6.1	22.0	6.58	209	5..352	60			
A0ABP8A559	PF07555	PF07555:0.2	7.6	1.71	93	17..257	45	PF07555:Unknown	PF07555:Unknown	
A0ABP8L7X1	PF07555	PF07555:1.1	10.5	3.15	218	149..389	60			
A0ABP8PZ35	PF07555	PF07555:6.1	22.2	10.16	203	7..361	92			
A0ABP8R538	PF07555	PF07555:1.1	25.0	9.21	263	175..559	74			
A0ABP9E668	PF07555	PF07555:3.1	10.6	14.9	507	91..1252	282			
A0ABP9SKQ7	PF07555	PF07555:1.1	19.5	6.4	302	163..423	66			
A0ABP9SKQ7	PF07555	PF07555:0.2	5.0	2.86	337	1033..1126	116	PF07555:Unknown	PF07555:Unknown	
A0ABP9V4N9	PF07555	PF07555:8.1	17.8	13.87	282	122..612	157			
A0ABQ1YBK0	PF07555	PF07555:10.1	58.7	173.0	332	13..862	592			
A0ABQ2B760	PF07555	PF07555:1.1	33.5	28.31	278	155..646	170			
A0ABQ2BRH1	PF07555	PF07555:5.1	43.9	55.07	341	114..588	252			
A0ABQ2DUF6	PF07555	PF07555:5.1	77.0	157.84	381	59..721	412			
A0ABQ2DXC8	PF07555	PF07555:0.2	22.1	15.72	332	56..686	143	PF07555:Unknown	PF07555:Unknown	
A0ABQ2F2I8	PF07555	PF07555:0.2	3.5	0.53	199	37..223	31			
A0ABQ2GD39	PF07555	PF07555:2.1	12.2	4.13	132	8..241	68			
A0ABQ2LJE0	PF07555	PF07555:1.1	28.6	17.5	243	144..569	123			
A0ABQ2VL61	PF07555	PF07555:1.1	16.2	8.16	250	114..569	101			
A0ABQ2ZQI4	PF07555	PF07555:3.1	45.3	113.91	361	48..964	505			
A0ABQ3AS12	PF07555	PF07555:6.1	23.2	11.64	193	7..358	101			
A0ABQ3DGA3	PF07555	PF07555:3.1	62.3	173.69	413	14..1000	560			
A0ABQ3EQV4	PF07555	PF07555:3.1	37.2	84.57	403	11..984	457			
A0ABQ3HTX9	PF07555	PF07555:1.1	23.7	16.16	262	107..594	137			
A0ABQ3MZ00	PF07555	PF07555:5.1	22.6	26.75	297	60..594	238			
A0ABQ3N1V5	PF07555	PF07555:12.1	54.8	103.93	423	66..1341	381			
A0ABQ3N548	PF07555	PF07555:10.1	5.1	3.12	262	41..482	122			
A0ABQ3N682	PF07555	PF07555:10.1	7.2	5.0	209	4..526	139			
A0ABQ3NB26	PF07555	PF07555:5.1	35.1	41.22	162	12..509	236			
A0ABQ3NB32	PF07555	PF07555:5.1	24.9	17.21	186	5..256	139			
A0ABQ3NB43	PF07555	PF07555:0.2	13.8	7.19	241	126..460	105	PF07555:Unknown	PF07555:Unknown	
A0ABQ3XM15	PF07555	PF07555:1.1	34.5	26.23	134	6..422	153			
A0ABQ3XZH2	PF07555	PF07555:1.1	10.2	2.49	67	3..236	49			
A0ABQ4LR85	PF07555	PF07555:10.1	53.3	142.22	325	12..861	536			
A0ABQ4PVR3	PF07555	PF07555:6.1	31.4	21.11	200	4..336	135			
A0ABQ6JTH4	PF07555	PF07555:1.1	20.7	5.14	124	78..319	50			
A0ABQ6JYE8	PF07555	PF07555:0.2	7.7	1.42	69	7..228	37	PF07555:Unknown	PF07555:Unknown	
A0ABQ7FKF2	PF07555	PF07555:1.1	25.1	8.99	381	299..575	72			
A0ABQ7FN29	PF07555	PF07555:3.1	59.8	167.85	393	6..972	564			
A0ABQ7PWI5	PF07555	PF07555:2.1	66.1	75.33	187	16..739	229			
A0ABQ8TYU8	PF07555	PF07555:2.1	68.7	86.83	210	19..672	254			
A0ABQ9FN71	PF07555	PF07555:2.1	34.0	24.85	194	45..507	147			
A0ABQ9G8D0	PF07555	PF07555:11.1	28.7	14.43	126	76..180	101			
A0ABQ9JX14	PF07555	PF07555:2.1	61.2	71.88	192	24..412&650..765	236			
A0ABR1C7D7	PF07555	PF07555:2.1	31.1	16.53	159	30..263	107			
A0ABR3MKZ4	PF07555	PF07555:0.2	42.9	39.95	1159	998..1481	187	PF07555:Unknown	PF07555:Unknown	
A0ABR4JL98	PF07555	PF07555:0.2	5.5	3.52	308	97..571	128	PF07555:Unknown	PF07555:Unknown	
A0ABR4LUE2	PF07555	PF07555:9.1	71.2	182.39	327	3..632	515			
A0ABR4QGR2	PF07555	PF07555:2.1	41.8	28.29	192	18..571	136			
A0ABR4XMV4	PF07555	PF07555:8.1	51.9	60.67	284	120..577	235			
A0ABR5A121	PF07555	PF07555:5.1	18.7	16.36	327	72..654	176			
A0ABR5HY63	PF07555	PF07555:3.1	74.2	220.15	393	17..971	596			
A0A433SS60	PF07555	PF07555:2.1	46.5	52.97	184	17..318&530..867	229			
A0A443SP00	PF07555	PF07555:2.1	62.4	84.47	186	15..308&515..894	272			
A0A448HKE9	PF07555	PF07555:0.2	16.3	4.46	339	248..510	55	PF07555:Unknown	PF07555:Unknown	
A0A448KCM5	PF07555	PF07555:0.2	5.1	2.21	248	123..448	87	PF07555:Unknown	PF07555:Unknown	
A0A449A572	PF07555	PF07555:12.1	7.1	3.44	254	61..733	97			
A0A449AJ22	PF07555	PF07555:12.1	69.6	124.27	317	17..850	359			
A0A449AS33	PF07555	PF07555:12.1	71.3	127.63	328	17..750	360			
A0A449I456	PF07555	PF07555:8.1	59.7	77.2	285	81..526	260			
A0A482WUF5	PF07555	PF07555:2.1	76.9	108.34	204	18..314&534..895	283			
A0A498NBS6	PF07555	PF07555:11.1	61.8	160.13	1466	1133..1928	521			
A0A499VC97	PF07555	PF07555:3.1	52.7	86.57	324	19..488	330			
A0A4C1V107	PF07555	PF07555:2.1	73.2	88.53	208	16..448&674..894	243			
A0A8C4RKQ9	PF07555	PF07555:2.1	24.6	17.89	193	14..449	146			
